<?xml version="1.0" encoding="UTF-8"?>
<!-- Generated by org.testng.reporters.JUnitXMLReporter -->
<testsuite ignored="0" hostname="Pranjal-Lapi" failures="0" tests="7" name="Default test" time="2.005" errors="0" timestamp="2022-09-27T21:07:46 IST">
  <testcase classname="TestNGFramework.tests.LoginTest" name="doLogin" time="0.112"/>
  <testcase classname="TestNGFramework.tests.LoginTest" name="doLogin" time="0.078"/>
  <testcase classname="TestNGFramework.tests.LoginTest" name="doLogin" time="0.093"/>
  <testcase classname="TestNGFramework.tests.LoginTest" name="doLogin" time="0.096"/>
  <testcase classname="TestNGFramework.tests.LoginTest" name="doLogin" time="0.102"/>
  <testcase classname="TestNGFramework.tests.LoginTest" name="doLogin" time="0.108"/>
  <testcase classname="TestNGFramework.tests.LoginTest" name="doLogin" time="0.706"/>
</testsuite> <!-- Default test -->
