<?xml version="1.0" encoding="UTF-8"?>
<!-- Generated by org.testng.reporters.JUnitXMLReporter -->
<testsuite ignored="0" hostname="Pranjal-Lapi" failures="0" tests="7" name="Default test" time="16.025" errors="0" timestamp="2022-09-25T18:10:15 IST">
  <testcase classname="TestNGFramework.tests.LoginTest" name="doLogin" time="0.072"/>
  <testcase classname="TestNGFramework.tests.LoginTest" name="doLogin" time="0.052"/>
  <testcase classname="TestNGFramework.tests.LoginTest" name="doLogin" time="0.07"/>
  <testcase classname="TestNGFramework.tests.LoginTest" name="doLogin" time="0.081"/>
  <testcase classname="TestNGFramework.tests.LoginTest" name="doLogin" time="0.08"/>
  <testcase classname="TestNGFramework.tests.LoginTest" name="doLogin" time="0.066"/>
  <testcase classname="TestNGFramework.tests.LoginTest" name="doLogin" time="1.085"/>
</testsuite> <!-- Default test -->
