<?xml version="1.0" encoding="UTF-8"?>
<!-- Generated by org.testng.reporters.JUnitXMLReporter -->
<testsuite ignored="0" hostname="Pranjal-Lapi" failures="0" tests="7" name="Test" time="16.412" errors="0" timestamp="2022-09-25T18:40:00 IST">
  <testcase classname="TestNGFramework.tests.LoginTest" name="doLogin" time="0.158"/>
  <testcase classname="TestNGFramework.tests.LoginTest" name="doLogin" time="0.054"/>
  <testcase classname="TestNGFramework.tests.LoginTest" name="doLogin" time="0.074"/>
  <testcase classname="TestNGFramework.tests.LoginTest" name="doLogin" time="0.081"/>
  <testcase classname="TestNGFramework.tests.LoginTest" name="doLogin" time="0.077"/>
  <testcase classname="TestNGFramework.tests.LoginTest" name="doLogin" time="0.085"/>
  <testcase classname="TestNGFramework.tests.LoginTest" name="doLogin" time="1.066"/>
</testsuite> <!-- Test -->
