<?xml version="1.0" encoding="UTF-8"?>
<!-- Generated by org.testng.reporters.JUnitXMLReporter -->
<testsuite ignored="0" hostname="Pranjal-Lapi" failures="0" tests="13" name="Test" time="3.684" errors="0" timestamp="2022-09-27T21:11:38 IST">
  <testcase classname="TestNGFramework.tests.LoginTest" name="doLogin" time="0.107"/>
  <testcase classname="TestNGFramework.tests.LoginTest" name="doLogin" time="0.087"/>
  <testcase classname="TestNGFramework.tests.LoginTest" name="doLogin" time="0.107"/>
  <testcase classname="TestNGFramework.tests.LoginTest" name="doLogin" time="0.098"/>
  <testcase classname="TestNGFramework.tests.LoginTest" name="doLogin" time="0.095"/>
  <testcase classname="TestNGFramework.tests.LoginTest" name="doLogin" time="0.106"/>
  <testcase classname="TestNGFramework.tests.LoginTest" name="doLogin" time="0.724"/>
  <testcase classname="TestNGFramework.tests.RegisterTest" name="doRegister" time="0.173"/>
  <testcase classname="TestNGFramework.tests.RegisterTest" name="doRegister" time="0.155"/>
  <testcase classname="TestNGFramework.tests.RegisterTest" name="doRegister" time="0.141"/>
  <testcase classname="TestNGFramework.tests.RegisterTest" name="doRegister" time="0.08"/>
  <testcase classname="TestNGFramework.tests.RegisterTest" name="doRegister" time="0.079"/>
  <testcase classname="TestNGFramework.tests.RegisterTest" name="doRegister" time="0.092"/>
</testsuite> <!-- Test -->
