<?xml version="1.0" encoding="UTF-8"?>
<testng-results ignored="0" total="1" passed="1" failed="0" skipped="0">
  <reporter-output>
  </reporter-output>
  <suite started-at="2022-09-24T18:08:36 IST" name="Default suite" finished-at="2022-09-24T18:08:37 IST" duration-ms="846">
    <groups>
    </groups>
    <test started-at="2022-09-24T18:08:36 IST" name="Default test" finished-at="2022-09-24T18:08:37 IST" duration-ms="846">
      <class name="TestNGFramework.tests.LoginTest">
        <test-method is-config="true" signature="doSetup()[pri:0, instance:TestNGFramework.tests.LoginTest@7f3b84b8]" started-at="2022-09-24T18:08:33 IST" name="doSetup" finished-at="2022-09-24T18:08:36 IST" duration-ms="3566" status="PASS">
          <reporter-output>
          </reporter-output>
        </test-method> <!-- doSetup -->
        <test-method is-config="true" signature="getXpath()[pri:0, instance:TestNGFramework.tests.LoginTest@7f3b84b8]" started-at="2022-09-24T18:08:36 IST" name="getXpath" finished-at="2022-09-24T18:08:36 IST" duration-ms="29" status="PASS">
          <reporter-output>
          </reporter-output>
        </test-method> <!-- getXpath -->
        <test-method signature="doLogin()[pri:0, instance:TestNGFramework.tests.LoginTest@7f3b84b8]" started-at="2022-09-24T18:08:36 IST" name="doLogin" finished-at="2022-09-24T18:08:37 IST" duration-ms="784" status="PASS">
          <reporter-output>
          </reporter-output>
        </test-method> <!-- doLogin -->
        <test-method is-config="true" signature="doAssert()[pri:0, instance:TestNGFramework.tests.LoginTest@7f3b84b8]" started-at="2022-09-24T18:08:37 IST" name="doAssert" finished-at="2022-09-24T18:08:37 IST" duration-ms="9" status="PASS">
          <reporter-output>
          </reporter-output>
        </test-method> <!-- doAssert -->
        <test-method is-config="true" signature="tearDown()[pri:0, instance:TestNGFramework.tests.LoginTest@7f3b84b8]" started-at="2022-09-24T18:08:37 IST" name="tearDown" finished-at="2022-09-24T18:08:37 IST" duration-ms="54" status="PASS">
          <reporter-output>
          </reporter-output>
        </test-method> <!-- tearDown -->
      </class> <!-- TestNGFramework.tests.LoginTest -->
    </test> <!-- Default test -->
  </suite> <!-- Default suite -->
</testng-results>
